TN:
SF:src/hook.ts
FN:12,clampProgress
FN:15,useSplashScreen
FNF:2
FNH:2
FNDA:5,clampProgress
FNDA:10,useSplashScreen
DA:1,1
DA:12,1
DA:13,5
DA:15,1
DA:16,10
DA:17,4
DA:18,1
DA:19,1
DA:20,1
DA:22,3
DA:23,4
DA:24,2
DA:25,2
DA:26,2
DA:27,1
DA:28,2
DA:29,2
DA:31,4
DA:32,10
DA:34,10
DA:35,5
DA:36,5
DA:37,1
DA:38,5
DA:39,4
DA:40,4
DA:42,4
DA:43,4
DA:45,3
DA:46,5
DA:47,2
DA:48,2
DA:49,5
DA:51,1
DA:52,10
DA:54,10
DA:55,4
DA:56,1
DA:57,1
DA:58,1
DA:60,3
DA:61,3
DA:63,2
DA:64,2
DA:65,2
DA:67,4
DA:68,1
DA:69,1
DA:70,4
DA:71,1
DA:72,1
DA:73,10
DA:75,10
DA:76,10
LF:54
LH:54
BRDA:12,0,0,5
BRDA:15,1,0,10
BRDA:16,2,0,4
BRDA:17,3,0,1
BRDA:20,4,0,3
BRDA:23,5,0,2
BRDA:25,6,0,1
BRDA:29,7,0,3
BRDA:31,8,0,1
BRDA:26,9,0,1
BRDA:34,10,0,5
BRDA:36,11,0,1
BRDA:38,12,0,4
BRDA:43,13,0,1
BRDA:43,14,0,3
BRDA:46,15,0,2
BRDA:49,16,0,1
BRDA:54,17,0,4
BRDA:55,18,0,1
BRDA:58,19,0,3
BRDA:61,20,0,1
BRDA:61,21,0,2
BRDA:67,22,0,1
BRDA:69,23,0,2
BRDA:70,24,0,1
BRF:25
BRH:25
end_of_record
TN:
SF:src/html.ts
FN:3,escapeHtml
FN:11,buildSplashMarkup
FNF:2
FNH:2
FNDA:5,escapeHtml
FNDA:17,buildSplashMarkup
DA:3,1
DA:4,5
DA:5,5
DA:6,5
DA:7,5
DA:8,5
DA:9,5
DA:11,1
DA:12,17
DA:13,17
DA:14,17
DA:15,17
DA:16,17
DA:17,17
DA:18,17
DA:19,17
DA:20,17
DA:21,17
DA:22,17
DA:23,17
DA:25,17
DA:26,17
DA:27,17
DA:28,17
DA:29,15
DA:30,2
DA:32,17
DA:33,17
DA:34,17
DA:35,17
DA:36,17
DA:37,17
DA:38,17
DA:40,17
DA:41,17
DA:42,2
DA:43,15
DA:44,17
DA:45,17
DA:46,1
DA:47,16
DA:48,17
DA:49,17
DA:50,17
DA:51,3
DA:52,14
DA:54,17
DA:55,17
DA:56,1
DA:57,16
DA:59,17
DA:60,4
DA:61,1
DA:62,1
DA:63,1
DA:64,1
DA:65,2
DA:66,1
DA:67,1
DA:68,3
DA:69,13
DA:71,17
DA:73,17
DA:74,17
DA:75,17
DA:76,17
DA:77,17
DA:78,17
DA:79,17
DA:80,17
DA:81,17
DA:82,17
LF:72
LH:72
BRDA:3,0,0,5
BRDA:11,1,0,17
BRDA:25,2,0,15
BRDA:26,3,0,1
BRDA:26,4,0,16
BRDA:28,5,0,15
BRDA:29,6,0,2
BRDA:34,7,0,1
BRDA:34,8,0,16
BRDA:35,9,0,16
BRDA:41,10,0,2
BRDA:42,11,0,15
BRDA:45,12,0,1
BRDA:46,13,0,16
BRDA:49,14,0,1
BRDA:49,15,0,16
BRDA:50,16,0,3
BRDA:51,17,0,14
BRDA:55,18,0,2
BRDA:55,19,0,1
BRDA:56,20,0,16
BRDA:59,21,0,4
BRDA:60,22,0,1
BRDA:67,23,0,3
BRDA:68,24,0,13
BRDA:80,25,0,2
BRDA:80,26,0,15
BRDA:64,27,0,2
BRF:28
BRH:28
end_of_record
TN:
SF:src/index.ts
FN:7,injectCriticalCss
FN:18,injectBodySplash
FN:25,viteSplashScreen
FN:28,transformIndexHtml
FNF:4
FNH:4
FNDA:10,injectCriticalCss
FNDA:9,injectBodySplash
FNDA:8,viteSplashScreen
FNDA:7,transformIndexHtml
DA:1,1
DA:7,1
DA:8,10
DA:9,10
DA:10,2
DA:11,2
DA:12,10
DA:13,7
DA:14,7
DA:15,1
DA:16,1
DA:18,1
DA:19,9
DA:20,8
DA:21,8
DA:22,1
DA:23,1
DA:25,1
DA:26,8
DA:27,8
DA:28,8
DA:29,7
DA:30,7
DA:31,7
DA:32,7
DA:34,7
DA:35,7
DA:36,7
DA:37,8
DA:38,8
LF:30
LH:30
BRDA:7,0,0,10
BRDA:9,1,0,2
BRDA:11,2,0,8
BRDA:12,3,0,7
BRDA:14,4,0,1
BRDA:18,5,0,9
BRDA:19,6,0,8
BRDA:21,7,0,1
BRDA:25,8,0,8
BRDA:28,9,0,7
BRF:10
BRH:10
end_of_record
TN:
SF:src/runtime.ts
FN:3,buildRuntimeScript
FN:209,normalizeBodyClasses
FN:212,normalizeAppScopes
FN:215,createRuntimeScript
FNF:4
FNH:4
FNDA:11,buildRuntimeScript
FNDA:11,normalizeBodyClasses
FNDA:11,normalizeAppScopes
FNDA:11,createRuntimeScript
DA:3,1
DA:4,11
DA:5,11
DA:6,11
DA:7,11
DA:8,11
DA:9,11
DA:10,11
DA:11,11
DA:12,11
DA:13,11
DA:14,11
DA:15,11
DA:16,11
DA:17,11
DA:18,11
DA:20,11
DA:22,11
DA:207,11
DA:209,1
DA:210,11
DA:212,1
DA:213,11
DA:215,1
DA:216,11
DA:217,11
DA:218,11
DA:219,11
DA:220,11
DA:221,11
DA:222,11
DA:223,11
DA:224,11
DA:225,11
DA:226,11
DA:227,11
DA:228,11
DA:229,11
DA:230,11
DA:231,11
DA:233,11
DA:234,11
DA:235,11
DA:236,11
DA:237,11
DA:238,11
DA:239,11
DA:240,11
DA:241,11
DA:242,11
DA:243,11
DA:244,11
DA:245,11
DA:246,11
DA:247,11
DA:248,11
LF:56
LH:56
BRDA:3,0,0,11
BRDA:209,1,0,11
BRDA:210,2,0,1
BRDA:210,3,0,10
BRDA:210,4,0,2
BRDA:210,5,0,8
BRDA:212,6,0,11
BRDA:213,7,0,1
BRDA:213,8,0,10
BRDA:213,9,0,2
BRDA:213,10,0,8
BRDA:215,11,0,11
BRDA:240,12,0,9
BRDA:242,13,0,10
BRDA:246,14,0,9
BRF:15
BRH:15
end_of_record
TN:
SF:src/styles.ts
FN:3,styleObjectToCss
FN:14,generateStyles
FNF:2
FNH:2
FNDA:39,styleObjectToCss
FNDA:39,generateStyles
DA:3,1
DA:4,39
DA:5,2
DA:6,2
DA:7,2
DA:8,3
DA:9,3
DA:10,2
DA:11,2
DA:12,2
DA:14,1
DA:15,39
DA:16,39
DA:17,39
DA:18,39
DA:19,39
DA:20,39
DA:21,39
DA:22,39
DA:23,39
DA:24,39
DA:25,39
DA:26,39
DA:27,39
DA:28,39
DA:30,39
DA:31,39
DA:33,39
DA:34,1
DA:35,1
DA:39,39
DA:40,1
DA:41,1
DA:45,38
DA:47,37
DA:48,37
DA:52,37
DA:57,37
DA:59,39
DA:60,39
DA:64,39
DA:69,39
DA:70,1
DA:77,1
DA:79,39
DA:80,1
DA:87,1
DA:89,39
DA:90,1
DA:97,1
DA:99,39
DA:100,1
DA:107,1
DA:109,39
DA:110,1
DA:120,1
DA:122,39
DA:123,1
DA:143,1
DA:145,39
DA:146,1
DA:158,1
DA:160,39
DA:161,2
DA:176,2
DA:178,39
DA:179,1
DA:196,1
DA:198,39
DA:199,1
DA:208,1
DA:210,39
DA:211,39
DA:212,3
DA:223,3
DA:224,1
DA:235,1
DA:236,3
DA:238,39
DA:239,2
DA:240,2
DA:241,2
DA:243,2
DA:244,5
DA:245,2
DA:247,2
DA:250,2
DA:255,2
DA:257,39
DA:258,8
DA:263,8
DA:264,2
DA:274,2
DA:275,8
DA:276,2
DA:286,2
DA:287,8
DA:288,2
DA:289,2
DA:290,2
DA:292,2
DA:301,2
DA:302,8
DA:303,2
DA:304,2
DA:305,2
DA:307,2
DA:316,2
DA:317,8
DA:319,39
DA:320,1
DA:328,1
DA:330,39
DA:331,39
DA:332,1
DA:333,1
DA:335,39
DA:336,1
DA:343,1
DA:345,39
DA:346,1
DA:347,38
DA:349,39
DA:350,38
DA:370,1
DA:372,39
DA:378,39
DA:382,39
DA:385,39
DA:386,39
DA:387,39
DA:390,39
DA:391,39
LF:133
LH:133
BRDA:3,0,0,39
BRDA:4,1,0,37
BRDA:4,2,0,2
BRDA:6,3,0,5
BRDA:6,4,0,4
BRDA:7,5,0,3
BRDA:8,6,0,3
BRDA:14,7,0,39
BRDA:27,8,0,2
BRDA:27,9,0,37
BRDA:28,10,0,2
BRDA:28,11,0,37
BRDA:33,12,0,1
BRDA:39,13,0,38
BRDA:39,14,0,1
BRDA:45,15,0,37
BRDA:69,16,0,1
BRDA:79,17,0,1
BRDA:89,18,0,1
BRDA:99,19,0,1
BRDA:109,20,0,1
BRDA:122,21,0,1
BRDA:145,22,0,1
BRDA:160,23,0,2
BRDA:178,24,0,1
BRDA:198,25,0,1
BRDA:210,26,0,37
BRDA:211,27,0,3
BRDA:223,28,0,1
BRDA:223,29,0,1
BRDA:238,30,0,2
BRDA:240,31,0,1
BRDA:240,32,0,1
BRDA:240,33,0,1
BRDA:257,34,0,9
BRDA:257,35,0,8
BRDA:263,36,0,2
BRDA:275,37,0,2
BRDA:287,38,0,2
BRDA:302,39,0,2
BRDA:319,40,0,1
BRDA:331,41,0,1
BRDA:335,42,0,1
BRDA:335,43,0,1
BRDA:345,44,0,1
BRDA:345,45,0,1
BRDA:346,46,0,38
BRDA:349,47,0,38
BRDA:350,48,0,1
BRDA:243,49,0,5
BRF:50
BRH:50
end_of_record
